{
  message: 'Failed to connect database',
  level: 'error',
  label: 'right meow!',
  timestamp: '2023-08-01T10:32:48.391Z'
}
{
  message: 'Failed to connect database',
  level: 'error',
  label: 'right meow!',
  timestamp: '2023-08-01T10:38:04.867Z'
}
{
  message: 'Failed to connect database',
  level: 'error',
  label: 'right meow!',
  timestamp: '2023-08-01T10:38:38.421Z'
}
{
  message: 'Failed to connect database',
  level: 'error',
  label: 'right meow!',
  timestamp: '2023-08-01T10:41:56.384Z'
}
{
  message: 'Failed to connect database',
  level: 'error',
  label: 'right meow!',
  timestamp: '2023-08-01T10:43:36.598Z'
}
{
  message: 'Failed to connect database',
  level: 'error',
  label: 'right meow!',
  timestamp: '2023-08-01T10:44:04.451Z'
}
