{
  message: 'Database connected successfully',
  level: 'info',
  label: 'right meow!',
  timestamp: '2023-08-19T05:46:31.271Z'
}
{
  message: 'Example app listening on port 8080',
  level: 'info',
  label: 'right meow!',
  timestamp: '2023-08-19T05:46:31.308Z'
}
{
  message: 'Database connected successfully',
  level: 'info',
  label: 'right meow!',
  timestamp: '2023-08-19T05:55:59.053Z'
}
{
  message: 'Example app listening on port 8080',
  level: 'info',
  label: 'right meow!',
  timestamp: '2023-08-19T05:55:59.071Z'
}
{
  message: 'Database connected successfully',
  level: 'info',
  label: 'right meow!',
  timestamp: '2023-08-19T05:57:02.276Z'
}
{
  message: 'Example app listening on port 8080',
  level: 'info',
  label: 'right meow!',
  timestamp: '2023-08-19T05:57:02.319Z'
}
