{
  message: 'Database connected successfully',
  level: 'info',
  label: 'right meow!',
  timestamp: '2023-08-05T05:06:11.584Z'
}
{
  message: 'Example app listening on port 8080',
  level: 'info',
  label: 'right meow!',
  timestamp: '2023-08-05T05:06:11.604Z'
}
{
  message: 'Database connected successfully',
  level: 'info',
  label: 'right meow!',
  timestamp: '2023-08-05T05:19:42.638Z'
}
{
  message: 'Example app listening on port 8080',
  level: 'info',
  label: 'right meow!',
  timestamp: '2023-08-05T05:19:42.674Z'
}
{
  message: 'Database connected successfully',
  level: 'info',
  label: 'right meow!',
  timestamp: '2023-08-05T05:28:12.061Z'
}
{
  message: 'Example app listening on port 8080',
  level: 'info',
  label: 'right meow!',
  timestamp: '2023-08-05T05:28:12.081Z'
}
{
  message: 'Database connected successfully',
  level: 'info',
  label: 'right meow!',
  timestamp: '2023-08-05T05:28:44.610Z'
}
{
  message: 'Example app listening on port 8080',
  level: 'info',
  label: 'right meow!',
  timestamp: '2023-08-05T05:28:44.621Z'
}
{
  message: 'Database connected successfully',
  level: 'info',
  label: 'right meow!',
  timestamp: '2023-08-05T05:32:09.329Z'
}
{
  message: 'Example app listening on port 8080',
  level: 'info',
  label: 'right meow!',
  timestamp: '2023-08-05T05:32:09.357Z'
}
{
  message: 'Database connected successfully',
  level: 'info',
  label: 'right meow!',
  timestamp: '2023-08-05T05:33:24.916Z'
}
{
  message: 'Example app listening on port 8080',
  level: 'info',
  label: 'right meow!',
  timestamp: '2023-08-05T05:33:24.943Z'
}
{
  message: 'Database connected successfully',
  level: 'info',
  label: 'right meow!',
  timestamp: '2023-08-05T05:38:16.148Z'
}
{
  message: 'Example app listening on port 8080',
  level: 'info',
  label: 'right meow!',
  timestamp: '2023-08-05T05:38:16.163Z'
}
{
  message: 'Database connected successfully',
  level: 'info',
  label: 'right meow!',
  timestamp: '2023-08-05T05:41:37.412Z'
}
{
  message: 'Example app listening on port 8080',
  level: 'info',
  label: 'right meow!',
  timestamp: '2023-08-05T05:41:37.422Z'
}
{
  message: 'Database connected successfully',
  level: 'info',
  label: 'right meow!',
  timestamp: '2023-08-05T05:41:53.907Z'
}
{
  message: 'Example app listening on port 8080',
  level: 'info',
  label: 'right meow!',
  timestamp: '2023-08-05T05:41:53.924Z'
}
{
  message: 'Database connected successfully',
  level: 'info',
  label: 'right meow!',
  timestamp: '2023-08-05T05:43:18.728Z'
}
{
  message: 'Example app listening on port 8080',
  level: 'info',
  label: 'right meow!',
  timestamp: '2023-08-05T05:43:18.749Z'
}
{
  message: 'Database connected successfully',
  level: 'info',
  label: 'right meow!',
  timestamp: '2023-08-05T05:48:51.604Z'
}
{
  message: 'Example app listening on port 8080',
  level: 'info',
  label: 'right meow!',
  timestamp: '2023-08-05T05:48:51.651Z'
}
