{
  message: 'Database connected successfully',
  level: 'info',
  label: 'right meow!',
  timestamp: '2023-08-05T06:06:16.663Z'
}
{
  message: 'Example app listening on port 8080',
  level: 'info',
  label: 'right meow!',
  timestamp: '2023-08-05T06:06:16.715Z'
}
{
  message: 'Database connected successfully',
  level: 'info',
  label: 'right meow!',
  timestamp: '2023-08-05T06:09:40.090Z'
}
{
  message: 'Example app listening on port 8080',
  level: 'info',
  label: 'right meow!',
  timestamp: '2023-08-05T06:09:40.110Z'
}
{
  message: 'Database connected successfully',
  level: 'info',
  label: 'right meow!',
  timestamp: '2023-08-05T06:10:29.728Z'
}
{
  message: 'Example app listening on port 8080',
  level: 'info',
  label: 'right meow!',
  timestamp: '2023-08-05T06:10:29.739Z'
}
{
  message: 'Database connected successfully',
  level: 'info',
  label: 'right meow!',
  timestamp: '2023-08-05T06:10:45.053Z'
}
{
  message: 'Example app listening on port 8080',
  level: 'info',
  label: 'right meow!',
  timestamp: '2023-08-05T06:10:45.065Z'
}
