{
  message: 'Database connected successfully',
  level: 'info',
  label: 'right meow!',
  timestamp: '2023-08-18T10:35:51.306Z'
}
{
  message: 'Example app listening on port 8080',
  level: 'info',
  label: 'right meow!',
  timestamp: '2023-08-18T10:35:51.348Z'
}
{
  message: 'Database connected successfully',
  level: 'info',
  label: 'right meow!',
  timestamp: '2023-08-18T10:54:31.656Z'
}
{
  message: 'Example app listening on port 8080',
  level: 'info',
  label: 'right meow!',
  timestamp: '2023-08-18T10:54:31.685Z'
}
{
  message: 'Database connected successfully',
  level: 'info',
  label: 'right meow!',
  timestamp: '2023-08-18T10:55:32.766Z'
}
{
  message: 'Example app listening on port 8080',
  level: 'info',
  label: 'right meow!',
  timestamp: '2023-08-18T10:55:32.803Z'
}
