{
  message: 'Database connected successfully',
  level: 'info',
  label: 'right meow!',
  timestamp: '2023-08-09T07:13:33.144Z'
}
{
  message: 'Example app listening on port 8080',
  level: 'info',
  label: 'right meow!',
  timestamp: '2023-08-09T07:13:33.164Z'
}
{
  message: 'Database connected successfully',
  level: 'info',
  label: 'right meow!',
  timestamp: '2023-08-09T07:15:55.697Z'
}
{
  message: 'Example app listening on port 8080',
  level: 'info',
  label: 'right meow!',
  timestamp: '2023-08-09T07:15:55.712Z'
}
{
  message: 'Database connected successfully',
  level: 'info',
  label: 'right meow!',
  timestamp: '2023-08-09T07:16:27.307Z'
}
{
  message: 'Example app listening on port 8080',
  level: 'info',
  label: 'right meow!',
  timestamp: '2023-08-09T07:16:27.338Z'
}
{
  message: 'Database connected successfully',
  level: 'info',
  label: 'right meow!',
  timestamp: '2023-08-09T07:26:20.575Z'
}
{
  message: 'Example app listening on port 8080',
  level: 'info',
  label: 'right meow!',
  timestamp: '2023-08-09T07:26:20.607Z'
}
{
  message: 'Database connected successfully',
  level: 'info',
  label: 'right meow!',
  timestamp: '2023-08-09T07:28:01.287Z'
}
{
  message: 'Example app listening on port 8080',
  level: 'info',
  label: 'right meow!',
  timestamp: '2023-08-09T07:28:01.305Z'
}
{
  message: 'Database connected successfully',
  level: 'info',
  label: 'right meow!',
  timestamp: '2023-08-09T07:28:14.442Z'
}
{
  message: 'Example app listening on port 8080',
  level: 'info',
  label: 'right meow!',
  timestamp: '2023-08-09T07:28:14.472Z'
}
{
  message: 'Database connected successfully',
  level: 'info',
  label: 'right meow!',
  timestamp: '2023-08-09T07:28:57.622Z'
}
{
  message: 'Example app listening on port 8080',
  level: 'info',
  label: 'right meow!',
  timestamp: '2023-08-09T07:28:57.633Z'
}
